<?xml version="1.0" encoding="UTF-8"?>
<!-- Generated by org.testng.reporters.JUnitReportReporter -->
<testsuite hostname="DESKTOP-S16N51Q" failures="0" tests="1" name="computers.TC_DWS_021_Test" time="4.469" errors="0" timestamp="2025-08-04T11:18:53 IST" skipped="0">
  <testcase classname="computers.TC_DWS_021_Test" name="clickOnComputers" time="4.469"/>
</testsuite> <!-- computers.TC_DWS_021_Test -->
